# JRE version: OpenJDK Runtime Environment (8.0_76-b03) (build 1.8.0_76-release-b03)
# Java VM: OpenJDK 64-Bit Server VM (25.76-b03 mixed mode windows-amd64 compressed oops)
Heap:
 PSYoungGen      total 456192K, used 456172K [0x00000000e0000000, 0x0000000100000000, 0x0000000100000000)
  eden space 431104K, 100% used [0x00000000e0000000,0x00000000fa500000,0x00000000fa500000)
  from space 25088K, 99% used [0x00000000fe780000,0x00000000ffffb228,0x0000000100000000)
  to   space 46592K, 99% used [0x00000000fa500000,0x00000000fd27f3d8,0x00000000fd280000)
 ParOldGen       total 531968K, used 453595K [0x00000000a0000000, 0x00000000c0780000, 0x00000000e0000000)
  object space 531968K, 85% used [0x00000000a0000000,0x00000000bbaf6f28,0x00000000c0780000)
 Metaspace       used 76928K, capacity 82724K, committed 82992K, reserved 1122304K
  class space    used 9595K, capacity 10299K, committed 10544K, reserved 1048576K
GC Heap History (10 events):
Event: 11476.972 GC heap after
Heap after GC invocations=92 (full 28):
 PSYoungGen      total 497664K, used 0K [0x00000000e0000000, 0x00000000ffe00000, 0x0000000100000000)
  eden space 475136K, 0% used [0x00000000e0000000,0x00000000e0000000,0x00000000fd000000)
  from space 22528K, 0% used [0x00000000fe800000,0x00000000fe800000,0x00000000ffe00000)
  to   space 23552K, 0% used [0x00000000fd000000,0x00000000fd000000,0x00000000fe700000)
 ParOldGen       total 170496K, used 43577K [0x00000000a0000000, 0x00000000aa680000, 0x00000000e0000000)
  object space 170496K, 25% used [0x00000000a0000000,0x00000000a2a8e768,0x00000000aa680000)
 Metaspace       used 76319K, capacity 82034K, committed 82480K, reserved 1122304K
  class space    used 9516K, capacity 10206K, committed 10544K, reserved 1048576K
}
Event: 11652.125 GC heap before
{Heap before GC invocations=93 (full 28):
 PSYoungGen      total 497664K, used 475136K [0x00000000e0000000, 0x00000000ffe00000, 0x0000000100000000)
  eden space 475136K, 100% used [0x00000000e0000000,0x00000000fd000000,0x00000000fd000000)
  from space 22528K, 0% used [0x00000000fe800000,0x00000000fe800000,0x00000000ffe00000)
  to   space 23552K, 0% used [0x00000000fd000000,0x00000000fd000000,0x00000000fe700000)
 ParOldGen       total 170496K, used 43577K [0x00000000a0000000, 0x00000000aa680000, 0x00000000e0000000)
  object space 170496K, 25% used [0x00000000a0000000,0x00000000a2a8e768,0x00000000aa680000)
 Metaspace       used 76398K, capacity 82128K, committed 82736K, reserved 1122304K
  class space    used 9525K, capacity 10215K, committed 10544K, reserved 1048576K
Event: 11653.066 GC heap after
Heap after GC invocations=93 (full 28):
 PSYoungGen      total 498688K, used 14879K [0x00000000e0000000, 0x0000000100000000, 0x0000000100000000)
  eden space 475136K, 0% used [0x00000000e0000000,0x00000000e0000000,0x00000000fd000000)
  from space 23552K, 63% used [0x00000000fd000000,0x00000000fde87e20,0x00000000fe700000)
  to   space 24576K, 0% used [0x00000000fe800000,0x00000000fe800000,0x0000000100000000)
 ParOldGen       total 170496K, used 43585K [0x00000000a0000000, 0x00000000aa680000, 0x00000000e0000000)
  object space 170496K, 25% used [0x00000000a0000000,0x00000000a2a90768,0x00000000aa680000)
 Metaspace       used 76398K, capacity 82128K, committed 82736K, reserved 1122304K
  class space    used 9525K, capacity 10215K, committed 10544K, reserved 1048576K
}
Event: 11665.273 GC heap before
{Heap before GC invocations=94 (full 28):
 PSYoungGen      total 498688K, used 489309K [0x00000000e0000000, 0x0000000100000000, 0x0000000100000000)
  eden space 475136K, 99% used [0x00000000e0000000,0x00000000fcf4f708,0x00000000fd000000)
  from space 23552K, 63% used [0x00000000fd000000,0x00000000fde87e20,0x00000000fe700000)
  to   space 24576K, 0% used [0x00000000fe800000,0x00000000fe800000,0x0000000100000000)
 ParOldGen       total 170496K, used 43585K [0x00000000a0000000, 0x00000000aa680000, 0x00000000e0000000)
  object space 170496K, 25% used [0x00000000a0000000,0x00000000a2a90768,0x00000000aa680000)
 Metaspace       used 76449K, capacity 82234K, committed 82736K, reserved 1122304K
  class space    used 9529K, capacity 10222K, committed 10544K, reserved 1048576K
Event: 11665.469 GC heap after
Heap after GC invocations=94 (full 28):
 PSYoungGen      total 498688K, used 6832K [0x00000000e0000000, 0x00000000ffe00000, 0x0000000100000000)
  eden space 476160K, 0% used [0x00000000e0000000,0x00000000e0000000,0x00000000fd100000)
  from space 22528K, 30% used [0x00000000fe800000,0x00000000feeac010,0x00000000ffe00000)
  to   space 23040K, 0% used [0x00000000fd100000,0x00000000fd100000,0x00000000fe780000)
 ParOldGen       total 170496K, used 43585K [0x00000000a0000000, 0x00000000aa680000, 0x00000000e0000000)
  object space 170496K, 25% used [0x00000000a0000000,0x00000000a2a90768,0x00000000aa680000)
 Metaspace       used 76449K, capacity 82234K, committed 82736K, reserved 1122304K
  class space    used 9529K, capacity 10222K, committed 10544K, reserved 1048576K
}
Event: 11670.338 GC heap before
{Heap before GC invocations=95 (full 28):
 PSYoungGen      total 498688K, used 482992K [0x00000000e0000000, 0x00000000ffe00000, 0x0000000100000000)
  eden space 476160K, 100% used [0x00000000e0000000,0x00000000fd100000,0x00000000fd100000)
  from space 22528K, 30% used [0x00000000fe800000,0x00000000feeac010,0x00000000ffe00000)
  to   space 23040K, 0% used [0x00000000fd100000,0x00000000fd100000,0x00000000fe780000)
 ParOldGen       total 170496K, used 43585K [0x00000000a0000000, 0x00000000aa680000, 0x00000000e0000000)
  object space 170496K, 25% used [0x00000000a0000000,0x00000000a2a90768,0x00000000aa680000)
 Metaspace       used 76891K, capacity 82700K, committed 82992K, reserved 1122304K
  class space    used 9590K, capacity 10295K, committed 10544K, reserved 1048576K
Event: 11674.032 GC heap after
Heap after GC invocations=95 (full 28):
 PSYoungGen      total 499200K, used 23034K [0x00000000e0000000, 0x0000000100000000, 0x0000000100000000)
  eden space 476160K, 0% used [0x00000000e0000000,0x00000000e0000000,0x00000000fd100000)
  from space 23040K, 99% used [0x00000000fd100000,0x00000000fe77e9c8,0x00000000fe780000)
  to   space 25088K, 0% used [0x00000000fe780000,0x00000000fe780000,0x0000000100000000)
 ParOldGen       total 170496K, used 68080K [0x00000000a0000000, 0x00000000aa680000, 0x00000000e0000000)
  object space 170496K, 39% used [0x00000000a0000000,0x00000000a427c1a0,0x00000000aa680000)
 Metaspace       used 76891K, capacity 82700K, committed 82992K, reserved 1122304K
  class space    used 9590K, capacity 10295K, committed 10544K, reserved 1048576K
}
Event: 11675.939 GC heap before
{Heap before GC invocations=96 (full 28):
 PSYoungGen      total 499200K, used 499194K [0x00000000e0000000, 0x0000000100000000, 0x0000000100000000)
  eden space 476160K, 100% used [0x00000000e0000000,0x00000000fd100000,0x00000000fd100000)
  from space 23040K, 99% used [0x00000000fd100000,0x00000000fe77e9c8,0x00000000fe780000)
  to   space 25088K, 0% used [0x00000000fe780000,0x00000000fe780000,0x0000000100000000)
 ParOldGen       total 170496K, used 68080K [0x00000000a0000000, 0x00000000aa680000, 0x00000000e0000000)
  object space 170496K, 39% used [0x00000000a0000000,0x00000000a427c1a0,0x00000000aa680000)
 Metaspace       used 76894K, capacity 82700K, committed 82992K, reserved 1122304K
  class space    used 9590K, capacity 10295K, committed 10544K, reserved 1048576K
Event: 11677.791 GC heap after
Heap after GC invocations=96 (full 28):
 PSYoungGen      total 456192K, used 25068K [0x00000000e0000000, 0x0000000100000000, 0x0000000100000000)
  eden space 431104K, 0% used [0x00000000e0000000,0x00000000e0000000,0x00000000fa500000)
  from space 25088K, 99% used [0x00000000fe780000,0x00000000ffffb228,0x0000000100000000)
  to   space 46592K, 0% used [0x00000000fa500000,0x00000000fa500000,0x00000000fd280000)
 ParOldGen       total 170496K, used 89543K [0x00000000a0000000, 0x00000000aa680000, 0x00000000e0000000)
  object space 170496K, 52% used [0x00000000a0000000,0x00000000a5771ee8,0x00000000aa680000)
 Metaspace       used 76894K, capacity 82700K, committed 82992K, reserved 1122304K
  class space    used 9590K, capacity 10295K, committed 10544K, reserved 1048576K
}
Event: 11682.455 GC heap before
{Heap before GC invocations=97 (full 28):
 PSYoungGen      total 456192K, used 456172K [0x00000000e0000000, 0x0000000100000000, 0x0000000100000000)
  eden space 431104K, 100% used [0x00000000e0000000,0x00000000fa500000,0x00000000fa500000)
  from space 25088K, 99% used [0x00000000fe780000,0x00000000ffffb228,0x0000000100000000)
  to   space 46592K, 0% used [0x00000000fa500000,0x00000000fa500000,0x00000000fd280000)
 ParOldGen       total 170496K, used 89543K [0x00000000a0000000, 0x00000000aa680000, 0x00000000e0000000)
  object space 170496K, 52% used [0x00000000a0000000,0x00000000a5771ee8,0x00000000aa680000)
 Metaspace       used 76928K, capacity 82724K, committed 82992K, reserved 1122304K
  class space    used 9595K, capacity 10299K, committed 10544K, reserved 1048576K

