# JRE version: OpenJDK Runtime Environment (8.0_76-b03) (build 1.8.0_76-release-b03)
# Java VM: OpenJDK 64-Bit Server VM (25.76-b03 mixed mode windows-amd64 compressed oops)
Heap:
 PSYoungGen      total 441856K, used 370320K [0x00000000e0000000, 0x0000000100000000, 0x0000000100000000)
  eden space 363520K, 100% used [0x00000000e0000000,0x00000000f6300000,0x00000000f6300000)
  from space 78336K, 8% used [0x00000000faf00000,0x00000000fb5a4030,0x00000000ffb80000)
  to   space 77824K, 23% used [0x00000000f6300000,0x00000000f74d0b30,0x00000000faf00000)
 ParOldGen       total 126464K, used 58632K [0x00000000a0000000, 0x00000000a7b80000, 0x00000000e0000000)
  object space 126464K, 46% used [0x00000000a0000000,0x00000000a3942380,0x00000000a7b80000)
 Metaspace       used 79105K, capacity 82994K, committed 83328K, reserved 1122304K
  class space    used 9995K, capacity 10733K, committed 10880K, reserved 1048576K
GC Heap History (10 events):
Event: 1727.404 GC heap after
Heap after GC invocations=39 (full 6):
 PSYoungGen      total 441856K, used 59796K [0x00000000e0000000, 0x0000000100000000, 0x0000000100000000)
  eden space 368128K, 0% used [0x00000000e0000000,0x00000000e0000000,0x00000000f6780000)
  from space 73728K, 81% used [0x00000000f6780000,0x00000000fa1e52a0,0x00000000faf80000)
  to   space 80896K, 0% used [0x00000000fb100000,0x00000000fb100000,0x0000000100000000)
 ParOldGen       total 126464K, used 101712K [0x00000000a0000000, 0x00000000a7b80000, 0x00000000e0000000)
  object space 126464K, 80% used [0x00000000a0000000,0x00000000a6354358,0x00000000a7b80000)
 Metaspace       used 77842K, capacity 81500K, committed 82176K, reserved 1120256K
  class space    used 9871K, capacity 10576K, committed 10752K, reserved 1048576K
}
Event: 1727.821 GC heap before
{Heap before GC invocations=40 (full 6):
 PSYoungGen      total 441856K, used 350130K [0x00000000e0000000, 0x0000000100000000, 0x0000000100000000)
  eden space 368128K, 78% used [0x00000000e0000000,0x00000000f1b87758,0x00000000f6780000)
  from space 73728K, 81% used [0x00000000f6780000,0x00000000fa1e52a0,0x00000000faf80000)
  to   space 80896K, 0% used [0x00000000fb100000,0x00000000fb100000,0x0000000100000000)
 ParOldGen       total 126464K, used 101712K [0x00000000a0000000, 0x00000000a7b80000, 0x00000000e0000000)
  object space 126464K, 80% used [0x00000000a0000000,0x00000000a6354358,0x00000000a7b80000)
 Metaspace       used 77923K, capacity 81500K, committed 82176K, reserved 1120256K
  class space    used 9883K, capacity 10576K, committed 10752K, reserved 1048576K
Event: 1727.963 GC heap after
Heap after GC invocations=40 (full 6):
 PSYoungGen      total 443904K, used 43053K [0x00000000e0000000, 0x0000000100000000, 0x0000000100000000)
  eden space 363008K, 0% used [0x00000000e0000000,0x00000000e0000000,0x00000000f6280000)
  from space 80896K, 53% used [0x00000000fb100000,0x00000000fdb0b530,0x0000000100000000)
  to   space 80384K, 0% used [0x00000000f6280000,0x00000000f6280000,0x00000000fb100000)
 ParOldGen       total 126464K, used 102040K [0x00000000a0000000, 0x00000000a7b80000, 0x00000000e0000000)
  object space 126464K, 80% used [0x00000000a0000000,0x00000000a63a6388,0x00000000a7b80000)
 Metaspace       used 77923K, capacity 81500K, committed 82176K, reserved 1120256K
  class space    used 9883K, capacity 10576K, committed 10752K, reserved 1048576K
}
Event: 1727.963 GC heap before
{Heap before GC invocations=41 (full 7):
 PSYoungGen      total 443904K, used 43053K [0x00000000e0000000, 0x0000000100000000, 0x0000000100000000)
  eden space 363008K, 0% used [0x00000000e0000000,0x00000000e0000000,0x00000000f6280000)
  from space 80896K, 53% used [0x00000000fb100000,0x00000000fdb0b530,0x0000000100000000)
  to   space 80384K, 0% used [0x00000000f6280000,0x00000000f6280000,0x00000000fb100000)
 ParOldGen       total 126464K, used 102040K [0x00000000a0000000, 0x00000000a7b80000, 0x00000000e0000000)
  object space 126464K, 80% used [0x00000000a0000000,0x00000000a63a6388,0x00000000a7b80000)
 Metaspace       used 77923K, capacity 81500K, committed 82176K, reserved 1120256K
  class space    used 9883K, capacity 10576K, committed 10752K, reserved 1048576K
Event: 1728.579 GC heap after
Heap after GC invocations=41 (full 7):
 PSYoungGen      total 443904K, used 0K [0x00000000e0000000, 0x0000000100000000, 0x0000000100000000)
  eden space 363008K, 0% used [0x00000000e0000000,0x00000000e0000000,0x00000000f6280000)
  from space 80896K, 0% used [0x00000000fb100000,0x00000000fb100000,0x0000000100000000)
  to   space 80384K, 0% used [0x00000000f6280000,0x00000000f6280000,0x00000000fb100000)
 ParOldGen       total 126464K, used 58632K [0x00000000a0000000, 0x00000000a7b80000, 0x00000000e0000000)
  object space 126464K, 46% used [0x00000000a0000000,0x00000000a3942380,0x00000000a7b80000)
 Metaspace       used 77923K, capacity 81500K, committed 82176K, reserved 1120256K
  class space    used 9883K, capacity 10576K, committed 10752K, reserved 1048576K
}
Event: 2982.827 GC heap before
{Heap before GC invocations=42 (full 7):
 PSYoungGen      total 443904K, used 363008K [0x00000000e0000000, 0x0000000100000000, 0x0000000100000000)
  eden space 363008K, 100% used [0x00000000e0000000,0x00000000f6280000,0x00000000f6280000)
  from space 80896K, 0% used [0x00000000fb100000,0x00000000fb100000,0x0000000100000000)
  to   space 80384K, 0% used [0x00000000f6280000,0x00000000f6280000,0x00000000fb100000)
 ParOldGen       total 126464K, used 58632K [0x00000000a0000000, 0x00000000a7b80000, 0x00000000e0000000)
  object space 126464K, 46% used [0x00000000a0000000,0x00000000a3942380,0x00000000a7b80000)
 Metaspace       used 78196K, capacity 81994K, committed 82432K, reserved 1120256K
  class space    used 9911K, capacity 10619K, committed 10752K, reserved 1048576K
Event: 2983.211 GC heap after
Heap after GC invocations=42 (full 7):
 PSYoungGen      total 378880K, used 15640K [0x00000000e0000000, 0x00000000ffb80000, 0x0000000100000000)
  eden space 363008K, 0% used [0x00000000e0000000,0x00000000e0000000,0x00000000f6280000)
  from space 15872K, 98% used [0x00000000f6280000,0x00000000f71c60f8,0x00000000f7200000)
  to   space 78336K, 0% used [0x00000000faf00000,0x00000000faf00000,0x00000000ffb80000)
 ParOldGen       total 126464K, used 58632K [0x00000000a0000000, 0x00000000a7b80000, 0x00000000e0000000)
  object space 126464K, 46% used [0x00000000a0000000,0x00000000a3942380,0x00000000a7b80000)
 Metaspace       used 78196K, capacity 81994K, committed 82432K, reserved 1120256K
  class space    used 9911K, capacity 10619K, committed 10752K, reserved 1048576K
}
Event: 3004.869 GC heap before
{Heap before GC invocations=43 (full 7):
 PSYoungGen      total 378880K, used 378552K [0x00000000e0000000, 0x00000000ffb80000, 0x0000000100000000)
  eden space 363008K, 99% used [0x00000000e0000000,0x00000000f6268278,0x00000000f6280000)
  from space 15872K, 98% used [0x00000000f6280000,0x00000000f71c60f8,0x00000000f7200000)
  to   space 78336K, 0% used [0x00000000faf00000,0x00000000faf00000,0x00000000ffb80000)
 ParOldGen       total 126464K, used 58632K [0x00000000a0000000, 0x00000000a7b80000, 0x00000000e0000000)
  object space 126464K, 46% used [0x00000000a0000000,0x00000000a3942380,0x00000000a7b80000)
 Metaspace       used 78480K, capacity 82286K, committed 82688K, reserved 1122304K
  class space    used 9914K, capacity 10625K, committed 10752K, reserved 1048576K
Event: 3004.890 GC heap after
Heap after GC invocations=43 (full 7):
 PSYoungGen      total 441856K, used 6800K [0x00000000e0000000, 0x0000000100000000, 0x0000000100000000)
  eden space 363520K, 0% used [0x00000000e0000000,0x00000000e0000000,0x00000000f6300000)
  from space 78336K, 8% used [0x00000000faf00000,0x00000000fb5a4030,0x00000000ffb80000)
  to   space 77824K, 0% used [0x00000000f6300000,0x00000000f6300000,0x00000000faf00000)
 ParOldGen       total 126464K, used 58632K [0x00000000a0000000, 0x00000000a7b80000, 0x00000000e0000000)
  object space 126464K, 46% used [0x00000000a0000000,0x00000000a3942380,0x00000000a7b80000)
 Metaspace       used 78480K, capacity 82286K, committed 82688K, reserved 1122304K
  class space    used 9914K, capacity 10625K, committed 10752K, reserved 1048576K
}
Event: 3011.780 GC heap before
{Heap before GC invocations=44 (full 7):
 PSYoungGen      total 441856K, used 370320K [0x00000000e0000000, 0x0000000100000000, 0x0000000100000000)
  eden space 363520K, 100% used [0x00000000e0000000,0x00000000f6300000,0x00000000f6300000)
  from space 78336K, 8% used [0x00000000faf00000,0x00000000fb5a4030,0x00000000ffb80000)
  to   space 77824K, 0% used [0x00000000f6300000,0x00000000f6300000,0x00000000faf00000)
 ParOldGen       total 126464K, used 58632K [0x00000000a0000000, 0x00000000a7b80000, 0x00000000e0000000)
  object space 126464K, 46% used [0x00000000a0000000,0x00000000a3942380,0x00000000a7b80000)
 Metaspace       used 79105K, capacity 82994K, committed 83328K, reserved 1122304K
  class space    used 9995K, capacity 10733K, committed 10880K, reserved 1048576K

